-------- Log file LP8909.log -------

Executable: /Users/brandt/opt/anaconda3/envs/vpltest/bin/vplanet
Version: Unknown
System Name: LP8909
Primary Input File: vpl.in
Body File #1: LP8909.in
Body File #2: b.in
Body File #3: c.in
Allow files to be overwitten: Yes
Mass Units: Grams
Length Units: Meters
Time Units: Seconds
Angle Units: Radians

------- FORMATTING -----
Verbosity Level: 5
Crossover Decade for Scientific Notation: 4
Number of Digits After Decimal: 6
Integration Method: Runge-Kutta4
Direction: Forward
Time Step: 3.155760e+07
Stop Time: 3.155760e+14
Output Interval: 3.155760e+11
Use Variable Timestep: Yes
dEta: 0.010000
Minimum Value of ecc and obl: 1.000000e-10


---- INITIAL SYSTEM PROPERTIES ----
(Age) System Age [sec]: 3.155760e+13 
(Time) Simulation Time [sec]: 0.000000 
(TotAngMom) Total Angular Momentum [kg*m^2/sec]: 2.139927e+42 
(TotEnergy) Total System Energy [kg*m^2/sec^2]: -2.726885e+39 
(PotEnergy) Body's non-orbital Potential Energy [kg*m^2/sec^2]: -2.801863e+39 
(KinEnergy) Body's non-orbital Kinetic Energy [kg*m^2/sec^2]: 7.553136e+37 
(DeltaTime) Average Timestep Over Last Output Interval [sec]: 0.000000 

----- BODY: LP8909 ----
Active Modules: EqTide STELLAR
Module Bit Sum: 67
Color: 000000
(Mass) Mass [kg]: 2.346331e+29 
(Obliquity) Obliquity [rad]: 0.000000 
(PrecA) Body's precession angle [rad]: 0.000000 
(Xobl) Body's sin(obliquity)*cos(precession angle) []: 0.000000 
(Yobl) Body's sin(obliquity)*sin(precession angle) []: 0.000000 
(Zobl) Body's cos(obliquity) []: 1.000000 
(Radius) Radius [Rearth]: 123.366131 
(RadGyra) Radius of Gyration/Moment of Inertia Constant []: 0.443436 
(RotAngMom) Rotational Angular Momentum [kg*m^2/sec]: 2.077261e+42 
(RotKinEnergy) Body's Rotational Energy [kg*m^2/sec^2]: 7.553136e+37 
(RotVel) Rotational Velocity [m/sec]: 5.722073e+04 
(BodyType) Type of Body (0 == planet) []: 0.000000 
(RotRate) Rotational Frequency [/sec]: 7.272205e-05 
(RotPer) Rotational Period [sec]: 8.640000e+04 
(Density) Average Density [kg/m^3]: 114.984378 
(SurfEnFluxTotal) Total Surface Energy Flux [kg*m^2/sec^2/(m^2*sec)]: 1.204357e+04 
(TidalQ) Tidal Q []: 100.000000 
(ImK2) Im(k_2) []: -0.005000 
(K2) k_2 []: 0.500000 
(K2Man) Real Love Number k2 Mantle []: 0.010000 
(Imk2Man) Imaginary Love Number k2 Mantle []: 0.000000 
(TidalQMantle) Mantle's Tidal Q []: 100.000000 
(HEcc) Poincare's h (=e*sin(varpi) []: 0.000000 
(HZLimitDryRunaway) Semi-major axis of Dry Runaway HZ Limit [m]: 4.070588e+10 
(HZLimRecVenus) Recent Venus HZ Limit [m]: 3.662409e+10 
(HZLimRunaway) Runaway Greenhouse HZ Limit [m]: 4.820644e+10 
(HZLimMoistGreenhouse) Moist Greenhouse HZ Limit [m]: 4.845974e+10 
(HZLimMaxGreenhouse) Maximum Greenhouse HZ Limit [m]: 9.292342e+10 
(HZLimEarlyMars) Early Mars HZ Limit [m]: 1.013425e+11 
(Instellation) Orbit-averaged INcident STELLar radiATION [kg*m^2/sec^2/(m^2*sec)]: -1.000000 
(KEcc) Poincare's k (=e*cos(varpi) []: 0.000000 
(Eccentricity) Orbital Eccentricity []: -1.000000 
(OrbEnergy) Body's Total Orbital Energy [kg*m^2/sec^2]: 0.000000 
(MeanMotion) Orbital Mean Motion [/sec]: -1.000000 
(OrbPeriod) Orbital Period [sec]: -1.000000 
(SemiMajorAxis) Semi-major Axis [m]: -1.000000 
(CriticalSemiMajorAxis) Holman & Wiegert (1999) P-type Critical Semi-major Axis [m]: -1.000000 
(COPP) Climate Obliquity Precession Parameter []: 0.000000 
(OrbAngMom) Orbital Angular Momentum [kg*m^2/sec]: 0.000000 
(LongP) Body's Longitude of pericenter [rad]: 0.000000 
(LXUVTot) Total XUV Luminosity [kg*m^2/sec^2/(m^2*sec)]: 3.456466e+22 
(TotOrbEnergy) System's Total Orbital Energy [kg*m^2/sec^2]: -4.185672e+35 
(OrbPotEnergy) Body's Orbital Potential Energy [kg*m^2/sec^2]: -1.000000 
(LostEnergy) Body's Total Lost Energy [kg*m^2/sec^2]: 5.562685e-309 
(LostAngMom) Lost Angular Momentum due to Magnetic Braking [kg*m^2/sec]: 5.562685e-309 
----- EQTIDE PARAMETERS (LP8909)------
(LockTime) Time when body tidally locked. [sec]: -1.000000 
(BodyDsemiDtEqtide) In EqTide, the total change in semi-major axis is due to dissipation in both bodies. This output parameter returns the change due to current body. []: -1.000000 
(BodyDeccDt) In EqTide, the total change in eccentricity is due to towrues on both bodies. This output parameter returns the change due to current body. []: -1.000000 
(DOblDtEqtide) Time Rate of Change of Obliquity in EqTide [rad/sec]: 0.000000 
(DRotPerDtEqtide) Time Rate of Change of Rotation Period in EqTide []: 8.332565e-11 
(DRotRateDtEqtide) Time Rate of Change of Rotational Frequency in EqTide [/sec^2]: -7.013441e-20 
(EqRotRateDiscrete) CPL2 Discrete Equilibrium Spin Rate [/sec]: 2.664279e-05 
(EqRotPerDiscrete) CPL2 Discrete Equilibrium Spin Period [sec]: 2.358306e+05 
(EqRotRateCont) CPL2 Continuous Equilibrium Spin Rate [/sec]: 2.664279e-05 
(EqRotPerCont) CPL2 Continuous Equilibrium Rotation Period [sec]: 2.358306e+05 
(EqRotPer) Equilibrium Rotation Period [sec]: 2.358306e+05 
(EqTidePower) Equilibrium Power from Tides [/sec]: 0.000000 
(GammaRot) Gamma_Rotation [sec]: -1.000000 
(GammaOrb) Gamma_Orbital [sec]: -1.000000 
(OceanK2) Ocean's Love number k_2 []: 0.010000 
(EnvTidalQ) Envelope Tidal Q []: -1.000000 
(OceanTidalQ) Ocean Tidal Q []: -1.000000 
(TideLock) Tidally Locked? []: 0.000000 
(RotTimeEqtide) Timescale for Rotational Evolution in EqTide [sec]: 6.744215e-20 
(EnvK2) Envelope's Love number k_2 []: 0.010000 
(OblTimeEqtide) Timescale for Obliquity Evolution in EqTide []: -1.000000 
(PowerEqtide) Internal Power due to Tides in EqTide [kg*m^2/sec^3]: 9.370002e+22 
(SurfEnFluxEqtide) Surface Energy Flux due to Tides in EqTide [kg*m^2/sec^2/(m^2*sec)]: 1.204357e+04 
Tidal Perturbers: b, c
----- STELLAR PARAMETERS (LP8909)------
(Luminosity) Luminosity [LSUN]: 0.089872 
(LXUVStellar) Base X-ray/XUV Luminosity [LSUN]: 8.987171e-05 
(Temperature) Effective Temperature [K]: 2974.316306 
(LXUVFrac) Fraction of luminosity in XUV []: 0.001000 
(RossbyNumber) Rossby Number []: 0.014598 
(DRotPerDtStellar) Time Rate of Change of Rotation Period in STELLAR []: 2.606214e-09 
Output Order: Age[year] Luminosity[LSUN] LXUVStellar[LSUN] Radius[Rearth] Temperature[K]
Grid Output Order:

----- BODY: b ----
Active Modules: AtmEsc EqTide MagmOc RadHeat
Module Bit Sum: 16399
Color: 13aed5
(Mass) Mass [kg]: 7.883286e+25 
(Obliquity) Obliquity [rad]: 0.000000 
(PrecA) Body's precession angle [rad]: 0.000000 
(Xobl) Body's sin(obliquity)*cos(precession angle) []: 0.000000 
(Yobl) Body's sin(obliquity)*sin(precession angle) []: 0.000000 
(Zobl) Body's cos(obliquity) []: 1.000000 
(Radius) Radius [m]: 8.419092e+06 
(RadGyra) Radius of Gyration/Moment of Inertia Constant []: 0.500000 
(RotAngMom) Rotational Angular Momentum [kg*m^2/sec]: 1.015883e+35 
(RotKinEnergy) Body's Rotational Energy [kg*m^2/sec^2]: 3.693857e+30 
(RotVel) Rotational Velocity [m/sec]: 612.253648 
(BodyType) Type of Body (0 == planet) []: 0.000000 
(RotRate) Rotational Frequency [/sec]: 7.272205e-05 
(RotPer) Rotational Period [sec]: 8.640000e+04 
(Density) Average Density [kg/m^3]: 3.153718e+04 
(SurfEnFluxTotal) Total Surface Energy Flux [kg*m^2/sec^2/(m^2*sec)]: 1.238167e+05 
(TidalQ) Tidal Q []: 100.000000 
(ImK2) Im(k_2) []: -0.005000 
(K2) k_2 []: 0.500000 
(K2Man) Real Love Number k2 Mantle []: 0.010000 
(Imk2Man) Imaginary Love Number k2 Mantle []: 0.000000 
(TidalQMantle) Mantle's Tidal Q []: 100.000000 
(HEcc) Poincare's h (=e*sin(varpi) []: 0.000000 
(HZLimitDryRunaway) Semi-major axis of Dry Runaway HZ Limit [m]: 4.070588e+10 
(HZLimRecVenus) Recent Venus HZ Limit [m]: 3.662409e+10 
(HZLimRunaway) Runaway Greenhouse HZ Limit [m]: 4.820644e+10 
(HZLimMoistGreenhouse) Moist Greenhouse HZ Limit [m]: 4.845974e+10 
(HZLimMaxGreenhouse) Maximum Greenhouse HZ Limit [m]: 9.292342e+10 
(HZLimEarlyMars) Early Mars HZ Limit [m]: 1.013425e+11 
(Instellation) Orbit-averaged INcident STELLar radiATION [kg*m^2/sec^2/(m^2*sec)]: 3.495981e+05 
(KEcc) Poincare's k (=e*cos(varpi) []: 0.000000 
(Eccentricity) Orbital Eccentricity []: 0.000000 
(OrbEnergy) Body's Total Orbital Energy [kg*m^2/sec^2]: -2.200616e+35 
(MeanMotion) Orbital Mean Motion [/sec]: 2.664279e-05 
(OrbPeriod) Orbital Period [sec]: 2.358306e+05 
(SemiMajorAxis) Semi-major Axis [AU]: 0.018750 
(CriticalSemiMajorAxis) Holman & Wiegert (1999) P-type Critical Semi-major Axis [m]: -1.000000 
(COPP) Climate Obliquity Precession Parameter []: 0.000000 
(OrbAngMom) Orbital Angular Momentum [kg*m^2/sec]: 1.651941e+40 
(LongP) Body's Longitude of pericenter [rad]: 0.000000 
(LXUVTot) Total XUV Luminosity [kg*m^2/sec^2/(m^2*sec)]: -1.000000 
(TotOrbEnergy) System's Total Orbital Energy [kg*m^2/sec^2]: -4.185672e+35 
(OrbPotEnergy) Body's Orbital Potential Energy [kg*m^2/sec^2]: -4.401232e+35 
(LostEnergy) Body's Total Lost Energy [kg*m^2/sec^2]: 5.562685e-309 
----- EQTIDE PARAMETERS (b)------
(TidalRadius) In EqTide, the value of the radius that enters the tidal evolution equations. This parameter is distinct from others, such as the radius of XUV absorption or a pressure level in an atmosphere. [m]: 8.419092e+06 
(DsemiDtEqtide) Total da/dt from EqTide [m/sec]: 0.000655 
(DeccDtEqtide) Total de/dt from EqTide [/sec]: 0.000000 
(DMeanMotionDtEqtide) Total dMeanMotion/dt from EqTide [/sec^2]: -9.332590e-18 
(DOrbPerDtEqtide) Total dOrbPer/dt from EqTide []: 8.260808e-08 
(EccTimeEqtide) Timescale for Eccentricity Evolution (e/[de/dt]) in EqTide [sec]: 0.000000 
(SemiTimeEqtide) Timescale for Semi-major Axis Evolution (a/[da/dt]) in EqTide [sec]: 4.282219e+12 
(DHEccDtEqtide) Time Rate of Change of Poincare's h in EqTide [/sec]: 0.000000 
(DKEccDtEqtide) Time Rate of Change of Poincare's k in EqTide [/sec]: 0.000000 
(DXoblDtEqtide) Time Rate of Change of Laskar's X in EqTide [/sec]: 0.000000 
(DYoblDtEqtide) Time Rate of Change of Laskar's Y in EqTide [/sec]: 0.000000 
(DZoblDtEqtide) Time Rate of Change of Laskar's Z in EqTide [/sec]: 0.000000 
(LockTime) Time when body tidally locked. [sec]: -1.000000 
(BodyDsemiDtEqtide) In EqTide, the total change in semi-major axis is due to dissipation in both bodies. This output parameter returns the change due to current body. []: -1.000000 
(BodyDeccDt) In EqTide, the total change in eccentricity is due to towrues on both bodies. This output parameter returns the change due to current body. []: -1.000000 
(DOblDtEqtide) Time Rate of Change of Obliquity in EqTide [rad/sec]: 0.000000 
(DRotPerDtEqtide) Time Rate of Change of Rotation Period in EqTide []: 2.035543e-06 
(DRotRateDtEqtide) Time Rate of Change of Rotational Frequency in EqTide [/sec^2]: -1.713297e-15 
(EqRotRateDiscrete) CPL2 Discrete Equilibrium Spin Rate [/sec]: 2.664279e-05 
(EqRotPerDiscrete) CPL2 Discrete Equilibrium Spin Period [sec]: 2.358306e+05 
(EqRotRateCont) CPL2 Continuous Equilibrium Spin Rate [/sec]: 2.664279e-05 
(EqRotPerCont) CPL2 Continuous Equilibrium Rotation Period [sec]: 2.358306e+05 
(EqRotPer) Equilibrium Rotation Period [sec]: 2.358306e+05 
(EqTidePower) Equilibrium Power from Tides [/sec]: 0.000000 
(GammaRot) Gamma_Rotation [sec]: -1.000000 
(GammaOrb) Gamma_Orbital [sec]: -1.000000 
(OceanK2) Ocean's Love number k_2 []: 0.010000 
(EnvTidalQ) Envelope Tidal Q []: -1.000000 
(OceanTidalQ) Ocean Tidal Q []: -1.000000 
(TideLock) Tidally Locked? []: 0.000000 
(RotTimeEqtide) Timescale for Rotational Evolution in EqTide [sec]: 4.244568e+10 
(EnvK2) Envelope's Love number k_2 []: 0.010000 
(OblTimeEqtide) Timescale for Obliquity Evolution in EqTide []: -1.000000 
(PowerEqtide) Internal Power due to Tides in EqTide [kg*m^2/sec^3]: 1.102848e+20 
(SurfEnFluxEqtide) Surface Energy Flux due to Tides in EqTide [kg*m^2/sec^2/(m^2*sec)]: 1.238156e+05 
Tidal Perturbers: LP8909
----- RADHEAT PARAMETERS (b)------
(26AlPowerMan) Total Power Generated by 26Al [kg*m^2/sec^3]: -0.000000 
(26AlPowerCore) Core Power Generated by 26Al [kg*m^2/sec^3]: -0.000000 
(26AlEnFlux) Surface Energy Flux from 26Al [kg*m^2/sec^2/(m^2*sec)]: -0.000000 
(D26AlPowerDt) Time Rate of Change of 26Al Power Generation []: -1.000000 
(D26AlNumManDt) Time Rate of Change of 26Al Heat Generation [/sec]: 0.000000 
(26AlMassMan) Mass of Mantle in 26Al [kg]: 0.000000 
(26AlMassCore) Mass of core in 26Al [kg]: 0.000000 
(26AlNumMan) Total Number of 26Al Atoms []: 0.000000 
(26AlNumCore) Total Core Number of 26Al Atoms []: 0.000000 
(26AlTimescale) Timescale for 26Al Power Generation []: -1.000000 
(26AlPowerTotal) Total Power from Decay of 26Al Atoms [kg*m^2/sec^3]: -0.000000 
(40KPowerMan) Total Power Generated by 40K [kg*m^2/sec^3]: 4.772830e+14 
(40KPowerCore) Core Power Generated by 40K [kg*m^2/sec^3]: -0.000000 
(40KEnFlux) Surface Energy Flux from 40K [kg*m^2/sec^2/(m^2*sec)]: 0.535841 
(D40KPowerDt) Time Rate of Change of 40K Power Generation []: -1.000000 
(D40KNumManDt) Time Rate of Change of 40K Heat Generation [/sec]: -2.236866e+27 
(40KMassMan) Total Mass of 40K [kg]: 8.515440e+18 
(40KMassCore) Total Core Mass of 40K [kg]: -0.000000 
(40KNumMan) Total Number of 40K Atoms []: 1.283184e+44 
(40KNumCore) Total Core Number of 40K Atoms []: -0.000000 
(40KTimescale) Timescale for 40K Power Generation []: -1.000000 
(40KPowerCrust) Crust Power Generated by 40K [kg*m^2/sec^3]: -0.000000 
(40KMassCrust) Total Crust Mass of 40K [kg]: -0.000000 
(40KNumCrust) Total Crust Number of 40K Atoms []: -0.000000 
(40KPowerTotal) Total Power from Decay of 40K Atoms [kg*m^2/sec^3]: 4.772830e+14 
(232ThPowerMan) Total Power Generated by 232Th [kg*m^2/sec^3]: 8.600790e+13 
(232ThPowerCore) Total Power Generated by 232Th [kg*m^2/sec^3]: -0.000000 
(232ThEnFlux) Surface Energy Flux from 232Th [kg*m^2/sec^2/(m^2*sec)]: 0.096560 
(D232ThNumManDt) Time Rate of Change of the number of 232Th nuclei [/sec]: -1.258602e+25 
(232ThMassMan) Total Mass of 232Th [kg]: 3.091681e+18 
(232ThMassCore) Total Mass of 232Th [kg]: -0.000000 
(232ThNumMan) Total Number of 232Th Atoms []: 8.023930e+42 
(232ThNumCore) Total Number of 232Th Atoms []: -0.000000 
(232ThTimescale) Timescale for 232Th Power Generation []: -1.000000 
(232ThPowerCrust) Total Power Generated by 232Th [kg*m^2/sec^3]: -0.000000 
(232ThMassCrust) Total Mass of 232Th [kg]: -0.000000 
(232ThNumCrust) Total Number of 232Th Atoms []: -0.000000 
(232ThPowerTotal) Total Power from Decay of 232Th Atoms [kg*m^2/sec^3]: 8.600790e+13 
(238UPowerMan) Total Power Generated by 238U [kg*m^2/sec^3]: 1.540321e+14 
(238UPowerCore) Total Core Power Generated by 238U [kg*m^2/sec^3]: -0.000000 
(238UEnFlux) Surface Energy Flux due to 238U [kg*m^2/sec^2/(m^2*sec)]: 0.172930 
(D238UNumManDt) Time Rate of Change of the Number of 238U Nuclei [/sec]: -1.859632e+25 
(238UMassMan) Total Mass of 238U [kg]: 1.496642e+18 
(238UMassCore) Total Core Mass of 238U [kg]: -0.000000 
(238UNumMan) Total Number of 238U Atoms []: 3.786162e+42 
(238UNumCore) Total Core Number of 238U Atoms []: -0.000000 
(238UTimescale) Timescale for 238U Power Generation []: -1.000000 
(238UPowerCrust) Total Crust Power Generated by 238U [kg*m^2/sec^3]: -0.000000 
(238UMassCrust) Total Crust Mass of 238U [kg]: -0.000000 
(238UNumCrust) Total Crust Number of 238U Atoms []: -0.000000 
(238UPowerTotal) Total Power from Decay of 238U Atoms [kg*m^2/sec^3]: 1.540321e+14 
(235UPowerMan) Total Power Generated by 235U [kg*m^2/sec^3]: 2.672868e+14 
(235UPowerCore) Total Core Power Generated by 235U [kg*m^2/sec^3]: -0.000000 
(235UEnFlux) Surface Energy Flux due to 235U [kg*m^2/sec^2/(m^2*sec)]: 0.300080 
(D235UNumManDt) Time Rate of Change of the Number of 235U Nuclei [/sec]: -4.077502e+25 
(235UMassMan) Total Mass of 235U [kg]: 5.098707e+17 
(235UMassCore) Total Core Mass of 235U [kg]: -0.000000 
(235UNumMan) Total Number of 235U Atoms []: 1.306357e+42 
(235UNumCore) Total Core Number of 235U Atoms []: -0.000000 
(235UTimescale) Timescale for 235U Power Generation []: -1.000000 
(235UPowerCrust) Total Crust Power Generated by 235U [kg*m^2/sec^3]: -0.000000 
(235UMassCrust) Total Crust Mass of 235U [kg]: -0.000000 
(235UNumCrust) Total Crust Number of 235U Atoms []: -0.000000 
(235UPowerTotal) Total Power from Decay of 235U Atoms [kg*m^2/sec^3]: 2.672868e+14 
(RadPowerMan) Total Power Generated by Radiogenic Nuclides in the mantle [kg*m^2/sec^3]: 9.846098e+14 
(RadPowerCore) Total Power Generated by Radiogenic Nuclides in Core [kg*m^2/sec^3]: -0.000000 
(RadPowerCrust) Total Power Generated by Radiogenic Nuclides in the crust [kg*m^2/sec^3]: -0.000000 
(RadPowerTotal) Total Power Generated by Radiogenic Nuclides in Total (M+C) [kg*m^2/sec^3]: 9.846098e+14 
(SurfEnFluxRadTotal) Total Surface Heat Flux Generated by Radiogenic Nuclides [kg*m^2/sec^2/(m^2*sec)]: 1.105411 
----- ATMESC PARAMETERS (b)------
(SurfWaterMass) Surface water mass [kg]: 2.780000e+21 
(EnvelopeMass) Envelope mass [kg]: 0.000000 
(OxygenMass) Oxygen mass in the atmosphere [kg]: 0.000000 
(RGLimit) Runaway greenhouse semi-major axis [m]: 4.413698e+10 
(XO) Atomic oxygen mixing ratio in upper atmosphere []: 0.333333 
(EtaO) Oxygen eta parameter (Luger and Barnes 2015) []: 0.757280 
(PlanetRadius) Planet radius [m]: 8.419092e+06 
(OxygenMantleMass) Mass of oxygen in mantle [kg]: 0.000000 
(RadXUV) XUV radius separating hydro. dyn. escape and equilibrium [m]: -1.000000 
(RadSolid) Radius to the solid surface [m]: -1.000000 
(PresXUV) Pressure at base of thermosphere []: 5.000000 
(ScaleHeight) Scale height in Lehmer & Catling (2016) model [m]: -1.000000 
(ThermTemp) Isothermal atmospheric temperature [K]: 662.524558 
(AtmGasConst) Atmospheric gas constant []: 4124.000000 
(PresSurf) Surface pressure due to atmosphere [Pa]: -1.000000 
(DEnvMassDt) Envelope Mass Loss Rate [kg/s]: 0.000000 
(FXUV) XUV flux [W/m^2]: 349.598106 
(AtmXAbsEffH2O) XUV atmospheric escape efficiency for H2O []: 0.300000 
(RocheRadius) Roche Lobe Radius [m]: 1.352048e+08 
(BondiRadius) Bondi Radius [m]: 2.105880e+09 
(HEscapeRegime) Integer flag for H envelope escape regime []: 8.000000 
(RRCriticalFlux) Critical XUV Flux that separates RR and energy-limited escape [W/m^2]: 3345.087427 
(KTide) Mass loss enhancement due to stellar gravity []: 0.906717 
(RGDuration) Runaway Greenhouse Duration [years]: 0.00000e+00
----- MAGMOC PARAMETERS (b)------
(WaterMassMOAtm) Water mass in magma ocean and atmosphere [TO]: 2.000000 
(PotTemp) Potential temperature magma ocean [K]: 4000.000000 
(SurfTemp) Surface temperature magma ocean [K]: 4000.000000 
(WaterMassSol) Water mass in solidified mantle [TO]: 0.000000 
(SolidRadius) Solidification radius of the mantle [Rearth]: 1.203560 
(OxygenMassMOAtm) Oxygen mass in magma ocean and atmosphere [kg]: 0.000000 
(OxygenMassSol) Oxygen Mass in solidified mantle [kg]: 0.000000 
(PressWaterAtm) Water pressure in atmosphere [bar]: 15.548739 
(PressOxygenAtm) Oxygen pressure in atmosphere [bar]: 0.000000 
(HydrogenMassSpace) H mass lost to space [kg]: 0.000000 
(OxygenMassSpace) O atoms lost to space [kg]: 0.000000 
(FracFe2O3Man) Fe2O3 mass fraction in magma ocean []: 0.000000 
(NetFluxAtmo) Atmospheric Net Flux (OLR-ASR) []: 5.672969e+05 
(WaterFracMelt) water mass fraction in magma ocean []: 0.001313 
(RadioPower) Power from radiogenic heating in the mantle [TW]: 984.609780 
(TidalPower) Power from tidal heating in the mantle [TW]: 1.102848e+08 
(HZInnerEdge) Inner Edge of the Habitable Zone (Runaway Greenhouse) [AU]: 0.295038 
(MeltFraction) Melt fraction of the magma ocean []: 0.867635 
(CO2MassMOAtm) CO2 mass in magma ocean and atmosphere [kg]: 0.000000 
(CO2MassSol) CO2 mass in solidified mantle [kg]: 0.000000 
(PressCO2Atm) CO2 pressure in atmosphere []: 0.000000 
(CO2FracMelt) CO2 mass fraction in magma ocean []: 0.000000 
Output Order: Time[year] PotTemp[K] SurfTemp[K] SolidRadius[Rearth] WaterMassMOAtm[TO] WaterMassSol[TO] OxygenMassMOAtm[kg] OxygenMassSol[kg] PressWaterAtm[bar] PressOxygenAtm[bar] HydrogenMassSpace[kg] OxygenMassSpace[kg] FracFe2O3Man[kg] NetFluxAtmo[kg] WaterFracMelt[kg] RadioPower[TW] TidalPower[TW] SemiMajorAxis[AU] HZInnerEdge[AU]
Grid Output Order:

----- BODY: c ----
Active Modules: AtmEsc EqTide MagmOc RadHeat
Module Bit Sum: 16399
Color: 7a13d5
(Mass) Mass [kg]: 1.510963e+26 
(Obliquity) Obliquity [rad]: 0.000000 
(PrecA) Body's precession angle [rad]: 0.000000 
(Xobl) Body's sin(obliquity)*cos(precession angle) []: 0.000000 
(Yobl) Body's sin(obliquity)*sin(precession angle) []: 0.000000 
(Zobl) Body's cos(obliquity) []: 1.000000 
(Radius) Radius [m]: 8.718863e+06 
(RadGyra) Radius of Gyration/Moment of Inertia Constant []: 0.500000 
(RotAngMom) Rotational Angular Momentum [kg*m^2/sec]: 2.088236e+35 
(RotKinEnergy) Body's Rotational Energy [kg*m^2/sec^2]: 7.593042e+30 
(RotVel) Rotational Velocity [m/sec]: 634.053588 
(BodyType) Type of Body (0 == planet) []: 0.000000 
(RotRate) Rotational Frequency [/sec]: 7.272205e-05 
(RotPer) Rotational Period [sec]: 8.640000e+04 
(Density) Average Density [kg/m^3]: 5.442341e+04 
(SurfEnFluxTotal) Total Surface Energy Flux [kg*m^2/sec^2/(m^2*sec)]: 2081.336376 
(TidalQ) Tidal Q []: 100.000000 
(ImK2) Im(k_2) []: -0.005000 
(K2) k_2 []: 0.500000 
(K2Man) Real Love Number k2 Mantle []: 0.010000 
(Imk2Man) Imaginary Love Number k2 Mantle []: 0.000000 
(TidalQMantle) Mantle's Tidal Q []: 100.000000 
(HEcc) Poincare's h (=e*sin(varpi) []: 0.000000 
(HZLimitDryRunaway) Semi-major axis of Dry Runaway HZ Limit [m]: 4.070588e+10 
(HZLimRecVenus) Recent Venus HZ Limit [m]: 3.662409e+10 
(HZLimRunaway) Runaway Greenhouse HZ Limit [m]: 4.820644e+10 
(HZLimMoistGreenhouse) Moist Greenhouse HZ Limit [m]: 4.845974e+10 
(HZLimMaxGreenhouse) Maximum Greenhouse HZ Limit [m]: 9.292342e+10 
(HZLimEarlyMars) Early Mars HZ Limit [m]: 1.013425e+11 
(Instellation) Orbit-averaged INcident STELLar radiATION [kg*m^2/sec^2/(m^2*sec)]: 7.743423e+04 
(KEcc) Poincare's k (=e*cos(varpi) []: 0.000000 
(Eccentricity) Orbital Eccentricity []: 0.000000 
(OrbEnergy) Body's Total Orbital Energy [kg*m^2/sec^2]: -1.985056e+35 
(MeanMotion) Orbital Mean Motion [/sec]: 8.603388e-06 
(OrbPeriod) Orbital Period [sec]: 7.303152e+05 
(SemiMajorAxis) Semi-major Axis [AU]: 0.039840 
(CriticalSemiMajorAxis) Holman & Wiegert (1999) P-type Critical Semi-major Axis [m]: -1.000000 
(COPP) Climate Obliquity Precession Parameter []: 0.000000 
(OrbAngMom) Orbital Angular Momentum [kg*m^2/sec]: 4.614592e+40 
(LongP) Body's Longitude of pericenter [rad]: 0.000000 
(LXUVTot) Total XUV Luminosity [kg*m^2/sec^2/(m^2*sec)]: -1.000000 
(TotOrbEnergy) System's Total Orbital Energy [kg*m^2/sec^2]: -4.185672e+35 
(OrbPotEnergy) Body's Orbital Potential Energy [kg*m^2/sec^2]: -3.970112e+35 
(LostEnergy) Body's Total Lost Energy [kg*m^2/sec^2]: 5.562685e-309 
----- EQTIDE PARAMETERS (c)------
(TidalRadius) In EqTide, the value of the radius that enters the tidal evolution equations. This parameter is distinct from others, such as the radius of XUV absorption or a pressure level in an atmosphere. [m]: 8.718863e+06 
(DsemiDtEqtide) Total da/dt from EqTide [m/sec]: 1.987274e-05 
(DeccDtEqtide) Total de/dt from EqTide [/sec]: 0.000000 
(DMeanMotionDtEqtide) Total dMeanMotion/dt from EqTide [/sec^2]: -4.303023e-20 
(DOrbPerDtEqtide) Total dOrbPer/dt from EqTide []: 3.652704e-09 
(EccTimeEqtide) Timescale for Eccentricity Evolution (e/[de/dt]) in EqTide [sec]: 0.000000 
(SemiTimeEqtide) Timescale for Semi-major Axis Evolution (a/[da/dt]) in EqTide [sec]: 2.999073e+14 
(DHEccDtEqtide) Time Rate of Change of Poincare's h in EqTide [/sec]: 0.000000 
(DKEccDtEqtide) Time Rate of Change of Poincare's k in EqTide [/sec]: 0.000000 
(DXoblDtEqtide) Time Rate of Change of Laskar's X in EqTide [/sec]: 0.000000 
(DYoblDtEqtide) Time Rate of Change of Laskar's Y in EqTide [/sec]: 0.000000 
(DZoblDtEqtide) Time Rate of Change of Laskar's Z in EqTide [/sec]: 0.000000 
(LockTime) Time when body tidally locked. [sec]: -1.000000 
(BodyDsemiDtEqtide) In EqTide, the total change in semi-major axis is due to dissipation in both bodies. This output parameter returns the change due to current body. []: -1.000000 
(BodyDeccDt) In EqTide, the total change in eccentricity is due to towrues on both bodies. This output parameter returns the change due to current body. []: -1.000000 
(DOblDtEqtide) Time Rate of Change of Obliquity in EqTide [rad/sec]: 0.000000 
(DRotPerDtEqtide) Time Rate of Change of Rotation Period in EqTide []: 1.281767e-08 
(DRotRateDtEqtide) Time Rate of Change of Rotational Frequency in EqTide [/sec^2]: -1.078851e-17 
(EqRotRateDiscrete) CPL2 Discrete Equilibrium Spin Rate [/sec]: 8.603388e-06 
(EqRotPerDiscrete) CPL2 Discrete Equilibrium Spin Period [sec]: 7.303152e+05 
(EqRotRateCont) CPL2 Continuous Equilibrium Spin Rate [/sec]: 8.603388e-06 
(EqRotPerCont) CPL2 Continuous Equilibrium Rotation Period [sec]: 7.303152e+05 
(EqRotPer) Equilibrium Rotation Period [sec]: 7.303152e+05 
(EqTidePower) Equilibrium Power from Tides [/sec]: 0.000000 
(GammaRot) Gamma_Rotation [sec]: -1.000000 
(GammaOrb) Gamma_Orbital [sec]: -1.000000 
(OceanK2) Ocean's Love number k_2 []: 0.010000 
(EnvTidalQ) Envelope Tidal Q []: -1.000000 
(OceanTidalQ) Ocean Tidal Q []: -1.000000 
(TideLock) Tidally Locked? []: 0.000000 
(RotTimeEqtide) Timescale for Rotational Evolution in EqTide [sec]: 6.740696e+12 
(EnvK2) Envelope's Love number k_2 []: 0.010000 
(OblTimeEqtide) Timescale for Obliquity Evolution in EqTide []: -1.000000 
(PowerEqtide) Internal Power due to Tides in EqTide [kg*m^2/sec^3]: 1.986367e+18 
(SurfEnFluxEqtide) Surface Energy Flux due to Tides in EqTide [kg*m^2/sec^2/(m^2*sec)]: 2079.360857 
Tidal Perturbers: LP8909
----- RADHEAT PARAMETERS (c)------
(26AlPowerMan) Total Power Generated by 26Al [kg*m^2/sec^3]: -0.000000 
(26AlPowerCore) Core Power Generated by 26Al [kg*m^2/sec^3]: -0.000000 
(26AlEnFlux) Surface Energy Flux from 26Al [kg*m^2/sec^2/(m^2*sec)]: -0.000000 
(D26AlPowerDt) Time Rate of Change of 26Al Power Generation []: -1.000000 
(D26AlNumManDt) Time Rate of Change of 26Al Heat Generation [/sec]: 0.000000 
(26AlMassMan) Mass of Mantle in 26Al [kg]: 0.000000 
(26AlMassCore) Mass of core in 26Al [kg]: 0.000000 
(26AlNumMan) Total Number of 26Al Atoms []: 0.000000 
(26AlNumCore) Total Core Number of 26Al Atoms []: 0.000000 
(26AlTimescale) Timescale for 26Al Power Generation []: -1.000000 
(26AlPowerTotal) Total Power from Decay of 26Al Atoms [kg*m^2/sec^3]: -0.000000 
(40KPowerMan) Total Power Generated by 40K [kg*m^2/sec^3]: 9.147923e+14 
(40KPowerCore) Core Power Generated by 40K [kg*m^2/sec^3]: -0.000000 
(40KEnFlux) Surface Energy Flux from 40K [kg*m^2/sec^2/(m^2*sec)]: 0.957619 
(D40KPowerDt) Time Rate of Change of 40K Power Generation []: -1.000000 
(D40KNumManDt) Time Rate of Change of 40K Heat Generation [/sec]: -4.287327e+27 
(40KMassMan) Total Mass of 40K [kg]: 1.632126e+19 
(40KMassCore) Total Core Mass of 40K [kg]: -0.000000 
(40KNumMan) Total Number of 40K Atoms []: 2.459437e+44 
(40KNumCore) Total Core Number of 40K Atoms []: -0.000000 
(40KTimescale) Timescale for 40K Power Generation []: -1.000000 
(40KPowerCrust) Crust Power Generated by 40K [kg*m^2/sec^3]: -0.000000 
(40KMassCrust) Total Crust Mass of 40K [kg]: -0.000000 
(40KNumCrust) Total Crust Number of 40K Atoms []: -0.000000 
(40KPowerTotal) Total Power from Decay of 40K Atoms [kg*m^2/sec^3]: 9.147923e+14 
(232ThPowerMan) Total Power Generated by 232Th [kg*m^2/sec^3]: 1.648485e+14 
(232ThPowerCore) Total Power Generated by 232Th [kg*m^2/sec^3]: -0.000000 
(232ThEnFlux) Surface Energy Flux from 232Th [kg*m^2/sec^2/(m^2*sec)]: 0.172566 
(D232ThNumManDt) Time Rate of Change of the number of 232Th nuclei [/sec]: -2.412320e+25 
(232ThMassMan) Total Mass of 232Th [kg]: 5.925723e+18 
(232ThMassCore) Total Mass of 232Th [kg]: -0.000000 
(232ThNumMan) Total Number of 232Th Atoms []: 1.537920e+43 
(232ThNumCore) Total Number of 232Th Atoms []: -0.000000 
(232ThTimescale) Timescale for 232Th Power Generation []: -1.000000 
(232ThPowerCrust) Total Power Generated by 232Th [kg*m^2/sec^3]: -0.000000 
(232ThMassCrust) Total Mass of 232Th [kg]: -0.000000 
(232ThNumCrust) Total Number of 232Th Atoms []: -0.000000 
(232ThPowerTotal) Total Power from Decay of 232Th Atoms [kg*m^2/sec^3]: 1.648485e+14 
(238UPowerMan) Total Power Generated by 238U [kg*m^2/sec^3]: 2.952282e+14 
(238UPowerCore) Total Core Power Generated by 238U [kg*m^2/sec^3]: -0.000000 
(238UEnFlux) Surface Energy Flux due to 238U [kg*m^2/sec^2/(m^2*sec)]: 0.309050 
(D238UNumManDt) Time Rate of Change of the Number of 238U Nuclei [/sec]: -3.564294e+25 
(238UMassMan) Total Mass of 238U [kg]: 2.868564e+18 
(238UMassCore) Total Core Mass of 238U [kg]: -0.000000 
(238UNumMan) Total Number of 238U Atoms []: 7.256811e+42 
(238UNumCore) Total Core Number of 238U Atoms []: -0.000000 
(238UTimescale) Timescale for 238U Power Generation []: -1.000000 
(238UPowerCrust) Total Crust Power Generated by 238U [kg*m^2/sec^3]: -0.000000 
(238UMassCrust) Total Crust Mass of 238U [kg]: -0.000000 
(238UNumCrust) Total Crust Number of 238U Atoms []: -0.000000 
(238UPowerTotal) Total Power from Decay of 238U Atoms [kg*m^2/sec^3]: 2.952282e+14 
(235UPowerMan) Total Power Generated by 235U [kg*m^2/sec^3]: 5.122997e+14 
(235UPowerCore) Total Core Power Generated by 235U [kg*m^2/sec^3]: -0.000000 
(235UEnFlux) Surface Energy Flux due to 235U [kg*m^2/sec^2/(m^2*sec)]: 0.536284 
(D235UNumManDt) Time Rate of Change of the Number of 235U Nuclei [/sec]: -7.815213e+25 
(235UMassMan) Total Mass of 235U [kg]: 9.772522e+17 
(235UMassCore) Total Core Mass of 235U [kg]: -0.000000 
(235UNumMan) Total Number of 235U Atoms []: 2.503851e+42 
(235UNumCore) Total Core Number of 235U Atoms []: -0.000000 
(235UTimescale) Timescale for 235U Power Generation []: -1.000000 
(235UPowerCrust) Total Crust Power Generated by 235U [kg*m^2/sec^3]: -0.000000 
(235UMassCrust) Total Crust Mass of 235U [kg]: -0.000000 
(235UNumCrust) Total Crust Number of 235U Atoms []: -0.000000 
(235UPowerTotal) Total Power from Decay of 235U Atoms [kg*m^2/sec^3]: 5.122997e+14 
(RadPowerMan) Total Power Generated by Radiogenic Nuclides in the mantle [kg*m^2/sec^3]: 1.887169e+15 
(RadPowerCore) Total Power Generated by Radiogenic Nuclides in Core [kg*m^2/sec^3]: -0.000000 
(RadPowerCrust) Total Power Generated by Radiogenic Nuclides in the crust [kg*m^2/sec^3]: -0.000000 
(RadPowerTotal) Total Power Generated by Radiogenic Nuclides in Total (M+C) [kg*m^2/sec^3]: 1.887169e+15 
(SurfEnFluxRadTotal) Total Surface Heat Flux Generated by Radiogenic Nuclides [kg*m^2/sec^2/(m^2*sec)]: 1.975519 
----- ATMESC PARAMETERS (c)------
(SurfWaterMass) Surface water mass [kg]: 2.780000e+21 
(EnvelopeMass) Envelope mass [kg]: 0.000000 
(OxygenMass) Oxygen mass in the atmosphere [kg]: 0.000000 
(RGLimit) Runaway greenhouse semi-major axis [m]: 4.354305e+10 
(XO) Atomic oxygen mixing ratio in upper atmosphere []: 0.333333 
(EtaO) Oxygen eta parameter (Luger and Barnes 2015) []: 0.084701 
(PlanetRadius) Planet radius [m]: 8.718863e+06 
(OxygenMantleMass) Mass of oxygen in mantle [kg]: 0.000000 
(RadXUV) XUV radius separating hydro. dyn. escape and equilibrium [m]: -1.000000 
(RadSolid) Radius to the solid surface [m]: -1.000000 
(PresXUV) Pressure at base of thermosphere []: 5.000000 
(ScaleHeight) Scale height in Lehmer & Catling (2016) model [m]: -1.000000 
(ThermTemp) Isothermal atmospheric temperature [K]: 454.509487 
(AtmGasConst) Atmospheric gas constant []: 4124.000000 
(PresSurf) Surface pressure due to atmosphere [Pa]: -1.000000 
(DEnvMassDt) Envelope Mass Loss Rate [kg/s]: 0.000000 
(FXUV) XUV flux [W/m^2]: 77.434225 
(AtmXAbsEffH2O) XUV atmospheric escape efficiency for H2O []: 0.300000 
(RocheRadius) Roche Lobe Radius [m]: 3.568556e+08 
(BondiRadius) Bondi Radius [m]: 2.768988e+09 
(HEscapeRegime) Integer flag for H envelope escape regime []: 8.000000 
(RRCriticalFlux) Critical XUV Flux that separates RR and energy-limited escape [W/m^2]: 1.248962e+04 
(KTide) Mass loss enhancement due to stellar gravity []: 0.963359 
(RGDuration) Runaway Greenhouse Duration [years]: 0.00000e+00
----- MAGMOC PARAMETERS (c)------
(WaterMassMOAtm) Water mass in magma ocean and atmosphere [TO]: 2.000000 
(PotTemp) Potential temperature magma ocean [K]: 4000.000000 
(SurfTemp) Surface temperature magma ocean [K]: 4000.000000 
(WaterMassSol) Water mass in solidified mantle [TO]: 0.000000 
(SolidRadius) Solidification radius of the mantle [Rearth]: 1.301845 
(OxygenMassMOAtm) Oxygen mass in magma ocean and atmosphere [kg]: 0.000000 
(OxygenMassSol) Oxygen Mass in solidified mantle [kg]: 0.000000 
(PressWaterAtm) Water pressure in atmosphere [bar]: 29.498441 
(PressOxygenAtm) Oxygen pressure in atmosphere [bar]: 0.000000 
(HydrogenMassSpace) H mass lost to space [kg]: 0.000000 
(OxygenMassSpace) O atoms lost to space [kg]: 0.000000 
(FracFe2O3Man) Fe2O3 mass fraction in magma ocean []: 0.000000 
(NetFluxAtmo) Atmospheric Net Flux (OLR-ASR) []: 4.048967e+05 
(WaterFracMelt) water mass fraction in magma ocean []: 0.002110 
(RadioPower) Power from radiogenic heating in the mantle [TW]: 1887.168745 
(TidalPower) Power from tidal heating in the mantle [TW]: 1.986367e+06 
(HZInnerEdge) Inner Edge of the Habitable Zone (Runaway Greenhouse) [AU]: 0.291067 
(MeltFraction) Melt fraction of the magma ocean []: 0.862668 
(CO2MassMOAtm) CO2 mass in magma ocean and atmosphere [kg]: 0.000000 
(CO2MassSol) CO2 mass in solidified mantle [kg]: 0.000000 
(PressCO2Atm) CO2 pressure in atmosphere []: 0.000000 
(CO2FracMelt) CO2 mass fraction in magma ocean []: 0.000000 
Output Order: Time[year] PotTemp[K] SurfTemp[K] SolidRadius[Rearth] WaterMassMOAtm[TO] WaterMassSol[TO] OxygenMassMOAtm[kg] OxygenMassSol[kg] PressWaterAtm[bar] PressOxygenAtm[bar] HydrogenMassSpace[kg] OxygenMassSpace[kg] FracFe2O3Man[kg] NetFluxAtmo[kg] WaterFracMelt[kg] RadioPower[TW] TidalPower[TW] SemiMajorAxis[AU] HZInnerEdge[AU]
Grid Output Order:



---- FINAL SYSTEM PROPERTIES ----
(Age) System Age [sec]: 3.471336e+14 
(Time) Simulation Time [sec]: 3.155760e+14 
(TotAngMom) Total Angular Momentum [kg*m^2/sec]: 2.140285e+42 
(TotEnergy) Total System Energy [kg*m^2/sec^2]: -2.723910e+39 
(PotEnergy) Body's non-orbital Potential Energy [kg*m^2/sec^2]: -7.277979e+39 
(KinEnergy) Body's non-orbital Kinetic Energy [kg*m^2/sec^2]: 1.156667e+37 
(DeltaTime) Average Timestep Over Last Output Interval [sec]: 1.121849e+07 

----- BODY: LP8909 ----
Active Modules: EqTide STELLAR
Module Bit Sum: 67
Color: 000000
(Mass) Mass [kg]: 2.346331e+29 
(Obliquity) Obliquity [rad]: 0.000000 
(PrecA) Body's precession angle [rad]: 0.000000 
(Xobl) Body's sin(obliquity)*cos(precession angle) []: 0.000000 
(Yobl) Body's sin(obliquity)*sin(precession angle) []: 0.000000 
(Zobl) Body's cos(obliquity) []: 1.000000 
(Radius) Radius [Rearth]: 47.493266 
(RadGyra) Radius of Gyration/Moment of Inertia Constant []: 0.461487 
(RotAngMom) Rotational Angular Momentum [kg*m^2/sec]: 3.256846e+41 
(RotKinEnergy) Body's Rotational Energy [kg*m^2/sec^2]: 1.156667e+37 
(RotVel) Rotational Velocity [m/sec]: 2.151616e+04 
(BodyType) Type of Body (0 == planet) []: 0.000000 
(RotRate) Rotational Frequency [/sec]: 7.102992e-05 
(RotPer) Rotational Period [sec]: 8.845829e+04 
(Density) Average Density [kg/m^3]: 2015.257558 
(SurfEnFluxTotal) Total Surface Energy Flux [kg*m^2/sec^2/(m^2*sec)]: 40.710120 
(TidalQ) Tidal Q []: 100.000000 
(ImK2) Im(k_2) []: -0.005000 
(K2) k_2 []: 0.500000 
(K2Man) Real Love Number k2 Mantle []: 0.010000 
(Imk2Man) Imaginary Love Number k2 Mantle []: 0.000000 
(TidalQMantle) Mantle's Tidal Q []: 100.000000 
(HEcc) Poincare's h (=e*sin(varpi) []: 0.000000 
(HZLimitDryRunaway) Semi-major axis of Dry Runaway HZ Limit [m]: 1.695585e+10 
(HZLimRecVenus) Recent Venus HZ Limit [m]: 1.522348e+10 
(HZLimRunaway) Runaway Greenhouse HZ Limit [m]: 2.005717e+10 
(HZLimMoistGreenhouse) Moist Greenhouse HZ Limit [m]: 2.014318e+10 
(HZLimMaxGreenhouse) Maximum Greenhouse HZ Limit [m]: 3.845183e+10 
(HZLimEarlyMars) Early Mars HZ Limit [m]: 4.193568e+10 
(Instellation) Orbit-averaged INcident STELLar radiATION [kg*m^2/sec^2/(m^2*sec)]: -1.000000 
(KEcc) Poincare's k (=e*cos(varpi) []: 0.000000 
(Eccentricity) Orbital Eccentricity []: -1.000000 
(OrbEnergy) Body's Total Orbital Energy [kg*m^2/sec^2]: 0.000000 
(MeanMotion) Orbital Mean Motion [/sec]: -1.000000 
(OrbPeriod) Orbital Period [sec]: -1.000000 
(SemiMajorAxis) Semi-major Axis [m]: -1.000000 
(CriticalSemiMajorAxis) Holman & Wiegert (1999) P-type Critical Semi-major Axis [m]: -1.000000 
(COPP) Climate Obliquity Precession Parameter []: 0.000000 
(OrbAngMom) Orbital Angular Momentum [kg*m^2/sec]: 0.000000 
(LongP) Body's Longitude of pericenter [rad]: 0.000000 
(LXUVTot) Total XUV Luminosity [kg*m^2/sec^2/(m^2*sec)]: 5.997318e+21 
(TotOrbEnergy) System's Total Orbital Energy [kg*m^2/sec^2]: -2.987898e+35 
(OrbPotEnergy) Body's Orbital Potential Energy [kg*m^2/sec^2]: -1.000000 
(LostEnergy) Body's Total Lost Energy [kg*m^2/sec^2]: 4.542936e+39 
(LostAngMom) Lost Angular Momentum due to Magnetic Braking [kg*m^2/sec]: 1.743697e+42 
----- EQTIDE PARAMETERS (LP8909)------
(LockTime) Time when body tidally locked. [sec]: -1.000000 
(BodyDsemiDtEqtide) In EqTide, the total change in semi-major axis is due to dissipation in both bodies. This output parameter returns the change due to current body. []: -1.000000 
(BodyDeccDt) In EqTide, the total change in eccentricity is due to towrues on both bodies. This output parameter returns the change due to current body. []: -1.000000 
(DOblDtEqtide) Time Rate of Change of Obliquity in EqTide [rad/sec]: 0.000000 
(DRotPerDtEqtide) Time Rate of Change of Rotation Period in EqTide []: 2.054588e-13 
(DRotRateDtEqtide) Time Rate of Change of Rotational Frequency in EqTide [/sec^2]: -1.649786e-22 
(EqRotRateDiscrete) CPL2 Discrete Equilibrium Spin Rate [/sec]: 1.042631e-05 
(EqRotPerDiscrete) CPL2 Discrete Equilibrium Spin Period [sec]: 6.026281e+05 
(EqRotRateCont) CPL2 Continuous Equilibrium Spin Rate [/sec]: 1.042631e-05 
(EqRotPerCont) CPL2 Continuous Equilibrium Rotation Period [sec]: 6.026281e+05 
(EqRotPer) Equilibrium Rotation Period [sec]: 6.026281e+05 
(EqTidePower) Equilibrium Power from Tides [/sec]: 0.000000 
(GammaRot) Gamma_Rotation [sec]: -1.000000 
(GammaOrb) Gamma_Orbital [sec]: -1.000000 
(OceanK2) Ocean's Love number k_2 []: 0.010000 
(EnvTidalQ) Envelope Tidal Q []: -1.000000 
(OceanTidalQ) Ocean Tidal Q []: -1.000000 
(TideLock) Tidally Locked? []: 0.000000 
(RotTimeEqtide) Timescale for Rotational Evolution in EqTide [sec]: 8.332667e-23 
(EnvK2) Envelope's Love number k_2 []: 0.010000 
(OblTimeEqtide) Timescale for Obliquity Evolution in EqTide []: -1.000000 
(PowerEqtide) Internal Power due to Tides in EqTide [kg*m^2/sec^3]: 4.694172e+19 
(SurfEnFluxEqtide) Surface Energy Flux due to Tides in EqTide [kg*m^2/sec^2/(m^2*sec)]: 40.710120 
Tidal Perturbers: b, c
----- STELLAR PARAMETERS (LP8909)------
(Luminosity) Luminosity [LSUN]: 0.015594 
(LXUVStellar) Base X-ray/XUV Luminosity [LSUN]: 1.559365e-05 
(Temperature) Effective Temperature [K]: 3093.789240 
(LXUVFrac) Fraction of luminosity in XUV []: 0.001000 
(RossbyNumber) Rossby Number []: 0.015889 
(DRotPerDtStellar) Time Rate of Change of Rotation Period in STELLAR []: -8.140313e-11 
Output Order: Age[year] Luminosity[LSUN] LXUVStellar[LSUN] Radius[Rearth] Temperature[K]
Grid Output Order:

----- BODY: b ----
Active Modules: AtmEsc EqTide MagmOc RadHeat
Module Bit Sum: 16399
Color: 13aed5
(Mass) Mass [kg]: 7.883286e+25 
(Obliquity) Obliquity [rad]: 0.000000 
(PrecA) Body's precession angle [rad]: 0.000000 
(Xobl) Body's sin(obliquity)*cos(precession angle) []: 0.000000 
(Yobl) Body's sin(obliquity)*sin(precession angle) []: 0.000000 
(Zobl) Body's cos(obliquity) []: 1.000000 
(Radius) Radius [m]: 8.419092e+06 
(RadGyra) Radius of Gyration/Moment of Inertia Constant []: 0.500000 
(RotAngMom) Rotational Angular Momentum [kg*m^2/sec]: 1.456493e+34 
(RotKinEnergy) Body's Rotational Energy [kg*m^2/sec^2]: 7.592919e+28 
(RotVel) Rotational Velocity [m/sec]: 87.780037 
(BodyType) Type of Body (0 == planet) []: 0.000000 
(RotRate) Rotational Frequency [/sec]: 1.042631e-05 
(RotPer) Rotational Period [sec]: 6.026281e+05 
(Density) Average Density [kg/m^3]: 3.153718e+04 
(SurfEnFluxTotal) Total Surface Energy Flux [kg*m^2/sec^2/(m^2*sec)]: 1.099221 
(TidalQ) Tidal Q []: 100.000000 
(ImK2) Im(k_2) []: -0.005000 
(K2) k_2 []: 0.500000 
(K2Man) Real Love Number k2 Mantle []: 0.010000 
(Imk2Man) Imaginary Love Number k2 Mantle []: 0.000000 
(TidalQMantle) Mantle's Tidal Q []: 100.000000 
(HEcc) Poincare's h (=e*sin(varpi) []: 0.000000 
(HZLimitDryRunaway) Semi-major axis of Dry Runaway HZ Limit [m]: 1.695585e+10 
(HZLimRecVenus) Recent Venus HZ Limit [m]: 1.522348e+10 
(HZLimRunaway) Runaway Greenhouse HZ Limit [m]: 2.005717e+10 
(HZLimMoistGreenhouse) Moist Greenhouse HZ Limit [m]: 2.014318e+10 
(HZLimMaxGreenhouse) Maximum Greenhouse HZ Limit [m]: 3.845183e+10 
(HZLimEarlyMars) Early Mars HZ Limit [m]: 4.193568e+10 
(Instellation) Orbit-averaged INcident STELLar radiATION [kg*m^2/sec^2/(m^2*sec)]: 1.736314e+04 
(KEcc) Poincare's k (=e*cos(varpi) []: 0.000000 
(Eccentricity) Orbital Eccentricity []: 0.000000 
(OrbEnergy) Body's Total Orbital Energy [kg*m^2/sec^2]: -1.177366e+35 
(MeanMotion) Orbital Mean Motion [/sec]: 1.042631e-05 
(OrbPeriod) Orbital Period [sec]: 6.026281e+05 
(SemiMajorAxis) Semi-major Axis [AU]: 0.035046 
(CriticalSemiMajorAxis) Holman & Wiegert (1999) P-type Critical Semi-major Axis [m]: -1.000000 
(COPP) Climate Obliquity Precession Parameter []: 0.000000 
(OrbAngMom) Orbital Angular Momentum [kg*m^2/sec]: 2.258452e+40 
(LongP) Body's Longitude of pericenter [rad]: 0.000000 
(LXUVTot) Total XUV Luminosity [kg*m^2/sec^2/(m^2*sec)]: -1.000000 
(TotOrbEnergy) System's Total Orbital Energy [kg*m^2/sec^2]: -2.987898e+35 
(OrbPotEnergy) Body's Orbital Potential Energy [kg*m^2/sec^2]: -2.354732e+35 
(LostEnergy) Body's Total Lost Energy [kg*m^2/sec^2]: 1.491119e+30 
----- EQTIDE PARAMETERS (b)------
(TidalRadius) In EqTide, the value of the radius that enters the tidal evolution equations. This parameter is distinct from others, such as the radius of XUV absorption or a pressure level in an atmosphere. [m]: 8.419092e+06 
(DsemiDtEqtide) Total da/dt from EqTide [m/sec]: 1.773857e-07 
(DeccDtEqtide) Total de/dt from EqTide [/sec]: 0.000000 
(DMeanMotionDtEqtide) Total dMeanMotion/dt from EqTide [/sec^2]: -5.291524e-22 
(DOrbPerDtEqtide) Total dOrbPer/dt from EqTide []: 3.058437e-11 
(EccTimeEqtide) Timescale for Eccentricity Evolution (e/[de/dt]) in EqTide [sec]: 0.000000 
(SemiTimeEqtide) Timescale for Semi-major Axis Evolution (a/[da/dt]) in EqTide [sec]: 2.955568e+16 
(DHEccDtEqtide) Time Rate of Change of Poincare's h in EqTide [/sec]: 0.000000 
(DKEccDtEqtide) Time Rate of Change of Poincare's k in EqTide [/sec]: 0.000000 
(DXoblDtEqtide) Time Rate of Change of Laskar's X in EqTide [/sec]: 0.000000 
(DYoblDtEqtide) Time Rate of Change of Laskar's Y in EqTide [/sec]: 0.000000 
(DZoblDtEqtide) Time Rate of Change of Laskar's Z in EqTide [/sec]: 0.000000 
(LockTime) Time when body tidally locked. [sec]: 2.727363e+10 
(BodyDsemiDtEqtide) In EqTide, the total change in semi-major axis is due to dissipation in both bodies. This output parameter returns the change due to current body. []: -1.000000 
(BodyDeccDt) In EqTide, the total change in eccentricity is due to towrues on both bodies. This output parameter returns the change due to current body. []: -1.000000 
(DOblDtEqtide) Time Rate of Change of Obliquity in EqTide [rad/sec]: 0.000000 
(DRotPerDtEqtide) Time Rate of Change of Rotation Period in EqTide []: -3.215165e-298 
(DRotRateDtEqtide) Time Rate of Change of Rotational Frequency in EqTide [/sec^2]: 5.562685e-309 
(EqRotRateDiscrete) CPL2 Discrete Equilibrium Spin Rate [/sec]: 1.042631e-05 
(EqRotPerDiscrete) CPL2 Discrete Equilibrium Spin Period [sec]: 6.026281e+05 
(EqRotRateCont) CPL2 Continuous Equilibrium Spin Rate [/sec]: 1.042631e-05 
(EqRotPerCont) CPL2 Continuous Equilibrium Rotation Period [sec]: 6.026281e+05 
(EqRotPer) Equilibrium Rotation Period [sec]: 6.026281e+05 
(EqTidePower) Equilibrium Power from Tides [/sec]: 0.000000 
(GammaRot) Gamma_Rotation [sec]: -1.000000 
(GammaOrb) Gamma_Orbital [sec]: -1.000000 
(OceanK2) Ocean's Love number k_2 []: 0.010000 
(EnvTidalQ) Envelope Tidal Q []: -1.000000 
(OceanTidalQ) Ocean Tidal Q []: -1.000000 
(TideLock) Tidally Locked? []: 1.000000 
(RotTimeEqtide) Timescale for Rotational Evolution in EqTide [sec]: 1.874330e+303 
(EnvK2) Envelope's Love number k_2 []: 0.010000 
(OblTimeEqtide) Timescale for Obliquity Evolution in EqTide []: -1.000000 
(PowerEqtide) Internal Power due to Tides in EqTide [kg*m^2/sec^3]: 0.000000 
(SurfEnFluxEqtide) Surface Energy Flux due to Tides in EqTide [kg*m^2/sec^2/(m^2*sec)]: 0.000000 
Tidal Perturbers: LP8909
----- RADHEAT PARAMETERS (b)------
(26AlPowerMan) Total Power Generated by 26Al [kg*m^2/sec^3]: -0.000000 
(26AlPowerCore) Core Power Generated by 26Al [kg*m^2/sec^3]: -0.000000 
(26AlEnFlux) Surface Energy Flux from 26Al [kg*m^2/sec^2/(m^2*sec)]: -0.000000 
(D26AlPowerDt) Time Rate of Change of 26Al Power Generation []: -1.000000 
(D26AlNumManDt) Time Rate of Change of 26Al Heat Generation [/sec]: 0.000000 
(26AlMassMan) Mass of Mantle in 26Al [kg]: 0.000000 
(26AlMassCore) Mass of core in 26Al [kg]: 0.000000 
(26AlNumMan) Total Number of 26Al Atoms []: 0.000000 
(26AlNumCore) Total Core Number of 26Al Atoms []: 0.000000 
(26AlTimescale) Timescale for 26Al Power Generation []: -1.000000 
(26AlPowerTotal) Total Power from Decay of 26Al Atoms [kg*m^2/sec^3]: -0.000000 
(40KPowerMan) Total Power Generated by 40K [kg*m^2/sec^3]: 4.746646e+14 
(40KPowerCore) Core Power Generated by 40K [kg*m^2/sec^3]: -0.000000 
(40KEnFlux) Surface Energy Flux from 40K [kg*m^2/sec^2/(m^2*sec)]: 0.532901 
(D40KPowerDt) Time Rate of Change of 40K Power Generation []: -1.000000 
(D40KNumManDt) Time Rate of Change of 40K Heat Generation [/sec]: -2.224595e+27 
(40KMassMan) Total Mass of 40K [kg]: 8.468723e+18 
(40KMassCore) Total Core Mass of 40K [kg]: 0.000000 
(40KNumMan) Total Number of 40K Atoms []: 1.276145e+44 
(40KNumCore) Total Core Number of 40K Atoms []: 0.000000 
(40KTimescale) Timescale for 40K Power Generation []: -1.000000 
(40KPowerCrust) Crust Power Generated by 40K [kg*m^2/sec^3]: -0.000000 
(40KMassCrust) Total Crust Mass of 40K [kg]: 0.000000 
(40KNumCrust) Total Crust Number of 40K Atoms []: 0.000000 
(40KPowerTotal) Total Power from Decay of 40K Atoms [kg*m^2/sec^3]: 4.746646e+14 
(232ThPowerMan) Total Power Generated by 232Th [kg*m^2/sec^3]: 8.596534e+13 
(232ThPowerCore) Total Power Generated by 232Th [kg*m^2/sec^3]: -0.000000 
(232ThEnFlux) Surface Energy Flux from 232Th [kg*m^2/sec^2/(m^2*sec)]: 0.096512 
(D232ThNumManDt) Time Rate of Change of the number of 232Th nuclei [/sec]: -1.257979e+25 
(232ThMassMan) Total Mass of 232Th [kg]: 3.090151e+18 
(232ThMassCore) Total Mass of 232Th [kg]: 0.000000 
(232ThNumMan) Total Number of 232Th Atoms []: 8.019959e+42 
(232ThNumCore) Total Number of 232Th Atoms []: 0.000000 
(232ThTimescale) Timescale for 232Th Power Generation []: -1.000000 
(232ThPowerCrust) Total Power Generated by 232Th [kg*m^2/sec^3]: -0.000000 
(232ThMassCrust) Total Mass of 232Th [kg]: 0.000000 
(232ThNumCrust) Total Number of 232Th Atoms []: 0.000000 
(232ThPowerTotal) Total Power from Decay of 232Th Atoms [kg*m^2/sec^3]: 8.596534e+13 
(238UPowerMan) Total Power Generated by 238U [kg*m^2/sec^3]: 1.537936e+14 
(238UPowerCore) Total Core Power Generated by 238U [kg*m^2/sec^3]: -0.000000 
(238UEnFlux) Surface Energy Flux due to 238U [kg*m^2/sec^2/(m^2*sec)]: 0.172662 
(D238UNumManDt) Time Rate of Change of the Number of 238U Nuclei [/sec]: -1.856752e+25 
(238UMassMan) Total Mass of 238U [kg]: 1.494324e+18 
(238UMassCore) Total Core Mass of 238U [kg]: 0.000000 
(238UNumMan) Total Number of 238U Atoms []: 3.780298e+42 
(238UNumCore) Total Core Number of 238U Atoms []: 0.000000 
(238UTimescale) Timescale for 238U Power Generation []: -1.000000 
(238UPowerCrust) Total Crust Power Generated by 238U [kg*m^2/sec^3]: -0.000000 
(238UMassCrust) Total Crust Mass of 238U [kg]: 0.000000 
(238UNumCrust) Total Crust Number of 238U Atoms []: 0.000000 
(238UPowerTotal) Total Power from Decay of 238U Atoms [kg*m^2/sec^3]: 1.537936e+14 
(235UPowerMan) Total Power Generated by 235U [kg*m^2/sec^3]: 2.646669e+14 
(235UPowerCore) Total Core Power Generated by 235U [kg*m^2/sec^3]: -0.000000 
(235UEnFlux) Surface Energy Flux due to 235U [kg*m^2/sec^2/(m^2*sec)]: 0.297139 
(D235UNumManDt) Time Rate of Change of the Number of 235U Nuclei [/sec]: -4.037536e+25 
(235UMassMan) Total Mass of 235U [kg]: 5.048731e+17 
(235UMassCore) Total Core Mass of 235U [kg]: 0.000000 
(235UNumMan) Total Number of 235U Atoms []: 1.293553e+42 
(235UNumCore) Total Core Number of 235U Atoms []: 0.000000 
(235UTimescale) Timescale for 235U Power Generation []: -1.000000 
(235UPowerCrust) Total Crust Power Generated by 235U [kg*m^2/sec^3]: -0.000000 
(235UMassCrust) Total Crust Mass of 235U [kg]: 0.000000 
(235UNumCrust) Total Crust Number of 235U Atoms []: 0.000000 
(235UPowerTotal) Total Power from Decay of 235U Atoms [kg*m^2/sec^3]: 2.646669e+14 
(RadPowerMan) Total Power Generated by Radiogenic Nuclides in the mantle [kg*m^2/sec^3]: 9.790904e+14 
(RadPowerCore) Total Power Generated by Radiogenic Nuclides in Core [kg*m^2/sec^3]: -0.000000 
(RadPowerCrust) Total Power Generated by Radiogenic Nuclides in the crust [kg*m^2/sec^3]: -0.000000 
(RadPowerTotal) Total Power Generated by Radiogenic Nuclides in Total (M+C) [kg*m^2/sec^3]: 9.790959e+14 
(SurfEnFluxRadTotal) Total Surface Heat Flux Generated by Radiogenic Nuclides [kg*m^2/sec^2/(m^2*sec)]: 1.099221 
----- ATMESC PARAMETERS (b)------
(SurfWaterMass) Surface water mass [kg]: 2.780000e+21 
(EnvelopeMass) Envelope mass [kg]: 0.000000 
(OxygenMass) Oxygen mass in the atmosphere [kg]: 1.092406e+21 
(RGLimit) Runaway greenhouse semi-major axis [m]: 1.836427e+10 
(XO) Atomic oxygen mixing ratio in upper atmosphere []: 0.418954 
(EtaO) Oxygen eta parameter (Luger and Barnes 2015) []: 0.063926 
(PlanetRadius) Planet radius [m]: 8.419092e+06 
(OxygenMantleMass) Mass of oxygen in mantle [kg]: 0.000000 
(RadXUV) XUV radius separating hydro. dyn. escape and equilibrium [m]: -1.000000 
(RadSolid) Radius to the solid surface [m]: -1.000000 
(PresXUV) Pressure at base of thermosphere []: 5.000000 
(ScaleHeight) Scale height in Lehmer & Catling (2016) model [m]: -1.000000 
(ThermTemp) Isothermal atmospheric temperature [K]: 312.763995 
(AtmGasConst) Atmospheric gas constant []: 4124.000000 
(PresSurf) Surface pressure due to atmosphere [Pa]: -1.000000 
(DEnvMassDt) Envelope Mass Loss Rate [kg/s]: 0.000000 
(FXUV) XUV flux [W/m^2]: 17.363135 
(AtmXAbsEffH2O) XUV atmospheric escape efficiency for H2O []: 0.300000 
(RocheRadius) Roche Lobe Radius [m]: 2.527116e+08 
(BondiRadius) Bondi Radius [m]: 2.386687e+09 
(HEscapeRegime) Integer flag for H envelope escape regime []: 8.000000 
(RRCriticalFlux) Critical XUV Flux that separates RR and energy-limited escape [W/m^2]: 3672.427159 
(KTide) Mass loss enhancement due to stellar gravity []: 0.950046 
(RGDuration) Runaway Greenhouse Duration [years]: 0.00000e+00
----- MAGMOC PARAMETERS (b)------
(WaterMassMOAtm) Water mass in magma ocean and atmosphere [TO]: 7.159161e-05 
(PotTemp) Potential temperature magma ocean [K]: 1442.252397 
(SurfTemp) Surface temperature magma ocean [K]: 4000.000000 
(WaterMassSol) Water mass in solidified mantle [TO]: 0.104715 
(SolidRadius) Solidification radius of the mantle [Rearth]: 1.320000 
(OxygenMassMOAtm) Oxygen mass in magma ocean and atmosphere [kg]: 1.092406e+21 
(OxygenMassSol) Oxygen Mass in solidified mantle [kg]: 4.580873e+20 
(PressWaterAtm) Water pressure in atmosphere [bar]: 0.082931 
(PressOxygenAtm) Oxygen pressure in atmosphere [bar]: 910.384147 
(HydrogenMassSpace) H mass lost to space [kg]: 2.947790e+20 
(OxygenMassSpace) O atoms lost to space [kg]: 7.890164e+20 
(FracFe2O3Man) Fe2O3 mass fraction in magma ocean []: 0.087575 
(NetFluxAtmo) Atmospheric Net Flux (OLR-ASR) []: -805.195967 
(WaterFracMelt) water mass fraction in magma ocean []: 0.000000 
(RadioPower) Power from radiogenic heating in the mantle [TW]: 979.095895 
(TidalPower) Power from tidal heating in the mantle [TW]: 0.000000 
(HZInnerEdge) Inner Edge of the Habitable Zone (Runaway Greenhouse) [AU]: 0.122758 
(MeltFraction) Melt fraction of the magma ocean []: 0.000000 
(CO2MassMOAtm) CO2 mass in magma ocean and atmosphere [kg]: 1.755447e-294 
(CO2MassSol) CO2 mass in solidified mantle [kg]: 1.755447e-294 
(PressCO2Atm) CO2 pressure in atmosphere []: 1.462947e-307 
(CO2FracMelt) CO2 mass fraction in magma ocean []: 0.000000 
Output Order: Time[year] PotTemp[K] SurfTemp[K] SolidRadius[Rearth] WaterMassMOAtm[TO] WaterMassSol[TO] OxygenMassMOAtm[kg] OxygenMassSol[kg] PressWaterAtm[bar] PressOxygenAtm[bar] HydrogenMassSpace[kg] OxygenMassSpace[kg] FracFe2O3Man[kg] NetFluxAtmo[kg] WaterFracMelt[kg] RadioPower[TW] TidalPower[TW] SemiMajorAxis[AU] HZInnerEdge[AU]
Grid Output Order:

----- BODY: c ----
Active Modules: AtmEsc EqTide MagmOc RadHeat
Module Bit Sum: 16399
Color: 7a13d5
(Mass) Mass [kg]: 1.510963e+26 
(Obliquity) Obliquity [rad]: 0.000000 
(PrecA) Body's precession angle [rad]: 0.000000 
(Xobl) Body's sin(obliquity)*cos(precession angle) []: 0.000000 
(Yobl) Body's sin(obliquity)*sin(precession angle) []: 0.000000 
(Zobl) Body's cos(obliquity) []: 1.000000 
(Radius) Radius [m]: 8.718863e+06 
(RadGyra) Radius of Gyration/Moment of Inertia Constant []: 0.500000 
(RotAngMom) Rotational Angular Momentum [kg*m^2/sec]: 2.151955e+34 
(RotKinEnergy) Body's Rotational Energy [kg*m^2/sec^2]: 8.063484e+28 
(RotVel) Rotational Velocity [m/sec]: 65.340046 
(BodyType) Type of Body (0 == planet) []: 0.000000 
(RotRate) Rotational Frequency [/sec]: 7.494102e-06 
(RotPer) Rotational Period [sec]: 8.384174e+05 
(Density) Average Density [kg/m^3]: 5.442341e+04 
(SurfEnFluxTotal) Total Surface Energy Flux [kg*m^2/sec^2/(m^2*sec)]: 1.964456 
(TidalQ) Tidal Q []: 100.000000 
(ImK2) Im(k_2) []: -0.005000 
(K2) k_2 []: 0.500000 
(K2Man) Real Love Number k2 Mantle []: 0.010000 
(Imk2Man) Imaginary Love Number k2 Mantle []: 0.000000 
(TidalQMantle) Mantle's Tidal Q []: 100.000000 
(HEcc) Poincare's h (=e*sin(varpi) []: 0.000000 
(HZLimitDryRunaway) Semi-major axis of Dry Runaway HZ Limit [m]: 1.695585e+10 
(HZLimRecVenus) Recent Venus HZ Limit [m]: 1.522348e+10 
(HZLimRunaway) Runaway Greenhouse HZ Limit [m]: 2.005717e+10 
(HZLimMoistGreenhouse) Moist Greenhouse HZ Limit [m]: 2.014318e+10 
(HZLimMaxGreenhouse) Maximum Greenhouse HZ Limit [m]: 3.845183e+10 
(HZLimEarlyMars) Early Mars HZ Limit [m]: 4.193568e+10 
(Instellation) Orbit-averaged INcident STELLar radiATION [kg*m^2/sec^2/(m^2*sec)]: 1.117698e+04 
(KEcc) Poincare's k (=e*cos(varpi) []: 0.000000 
(Eccentricity) Orbital Eccentricity []: 0.000000 
(OrbEnergy) Body's Total Orbital Energy [kg*m^2/sec^2]: -1.810532e+35 
(MeanMotion) Orbital Mean Motion [/sec]: 7.494102e-06 
(OrbPeriod) Orbital Period [sec]: 8.384174e+05 
(SemiMajorAxis) Semi-major Axis [AU]: 0.043680 
(CriticalSemiMajorAxis) Holman & Wiegert (1999) P-type Critical Semi-major Axis [m]: -1.000000 
(COPP) Climate Obliquity Precession Parameter []: 0.000000 
(OrbAngMom) Orbital Angular Momentum [kg*m^2/sec]: 4.831885e+40 
(LongP) Body's Longitude of pericenter [rad]: 0.000000 
(LXUVTot) Total XUV Luminosity [kg*m^2/sec^2/(m^2*sec)]: -1.000000 
(TotOrbEnergy) System's Total Orbital Energy [kg*m^2/sec^2]: -2.987898e+35 
(OrbPotEnergy) Body's Orbital Potential Energy [kg*m^2/sec^2]: -3.621064e+35 
(LostEnergy) Body's Total Lost Energy [kg*m^2/sec^2]: 5.925367e+30 
----- EQTIDE PARAMETERS (c)------
(TidalRadius) In EqTide, the value of the radius that enters the tidal evolution equations. This parameter is distinct from others, such as the radius of XUV absorption or a pressure level in an atmosphere. [m]: 8.718863e+06 
(DsemiDtEqtide) Total da/dt from EqTide [m/sec]: 1.012621e-07 
(DeccDtEqtide) Total de/dt from EqTide [/sec]: 0.000000 
(DMeanMotionDtEqtide) Total dMeanMotion/dt from EqTide [/sec^2]: -1.741993e-22 
(DOrbPerDtEqtide) Total dOrbPer/dt from EqTide []: 1.948889e-11 
(EccTimeEqtide) Timescale for Eccentricity Evolution (e/[de/dt]) in EqTide [sec]: 0.000000 
(SemiTimeEqtide) Timescale for Semi-major Axis Evolution (a/[da/dt]) in EqTide [sec]: 6.453042e+16 
(DHEccDtEqtide) Time Rate of Change of Poincare's h in EqTide [/sec]: 0.000000 
(DKEccDtEqtide) Time Rate of Change of Poincare's k in EqTide [/sec]: 0.000000 
(DXoblDtEqtide) Time Rate of Change of Laskar's X in EqTide [/sec]: 0.000000 
(DYoblDtEqtide) Time Rate of Change of Laskar's Y in EqTide [/sec]: 0.000000 
(DZoblDtEqtide) Time Rate of Change of Laskar's Z in EqTide [/sec]: 0.000000 
(LockTime) Time when body tidally locked. [sec]: 6.311520e+12 
(BodyDsemiDtEqtide) In EqTide, the total change in semi-major axis is due to dissipation in both bodies. This output parameter returns the change due to current body. []: -1.000000 
(BodyDeccDt) In EqTide, the total change in eccentricity is due to towrues on both bodies. This output parameter returns the change due to current body. []: -1.000000 
(DOblDtEqtide) Time Rate of Change of Obliquity in EqTide [rad/sec]: 0.000000 
(DRotPerDtEqtide) Time Rate of Change of Rotation Period in EqTide []: -6.223363e-298 
(DRotRateDtEqtide) Time Rate of Change of Rotational Frequency in EqTide [/sec^2]: 5.562685e-309 
(EqRotRateDiscrete) CPL2 Discrete Equilibrium Spin Rate [/sec]: 7.494102e-06 
(EqRotPerDiscrete) CPL2 Discrete Equilibrium Spin Period [sec]: 8.384174e+05 
(EqRotRateCont) CPL2 Continuous Equilibrium Spin Rate [/sec]: 7.494102e-06 
(EqRotPerCont) CPL2 Continuous Equilibrium Rotation Period [sec]: 8.384174e+05 
(EqRotPer) Equilibrium Rotation Period [sec]: 8.384174e+05 
(EqTidePower) Equilibrium Power from Tides [/sec]: 0.000000 
(GammaRot) Gamma_Rotation [sec]: -1.000000 
(GammaOrb) Gamma_Orbital [sec]: -1.000000 
(OceanK2) Ocean's Love number k_2 []: 0.010000 
(EnvTidalQ) Envelope Tidal Q []: -1.000000 
(OceanTidalQ) Ocean Tidal Q []: -1.000000 
(TideLock) Tidally Locked? []: 1.000000 
(RotTimeEqtide) Timescale for Rotational Evolution in EqTide [sec]: 1.347210e+303 
(EnvK2) Envelope's Love number k_2 []: 0.010000 
(OblTimeEqtide) Timescale for Obliquity Evolution in EqTide []: -1.000000 
(PowerEqtide) Internal Power due to Tides in EqTide [kg*m^2/sec^3]: 0.000000 
(SurfEnFluxEqtide) Surface Energy Flux due to Tides in EqTide [kg*m^2/sec^2/(m^2*sec)]: 0.000000 
Tidal Perturbers: LP8909
----- RADHEAT PARAMETERS (c)------
(26AlPowerMan) Total Power Generated by 26Al [kg*m^2/sec^3]: -0.000000 
(26AlPowerCore) Core Power Generated by 26Al [kg*m^2/sec^3]: -0.000000 
(26AlEnFlux) Surface Energy Flux from 26Al [kg*m^2/sec^2/(m^2*sec)]: -0.000000 
(D26AlPowerDt) Time Rate of Change of 26Al Power Generation []: -1.000000 
(D26AlNumManDt) Time Rate of Change of 26Al Heat Generation [/sec]: 0.000000 
(26AlMassMan) Mass of Mantle in 26Al [kg]: 0.000000 
(26AlMassCore) Mass of core in 26Al [kg]: 0.000000 
(26AlNumMan) Total Number of 26Al Atoms []: 0.000000 
(26AlNumCore) Total Core Number of 26Al Atoms []: 0.000000 
(26AlTimescale) Timescale for 26Al Power Generation []: -1.000000 
(26AlPowerTotal) Total Power from Decay of 26Al Atoms [kg*m^2/sec^3]: -0.000000 
(40KPowerMan) Total Power Generated by 40K [kg*m^2/sec^3]: 9.097737e+14 
(40KPowerCore) Core Power Generated by 40K [kg*m^2/sec^3]: -0.000000 
(40KEnFlux) Surface Energy Flux from 40K [kg*m^2/sec^2/(m^2*sec)]: 0.952366 
(D40KPowerDt) Time Rate of Change of 40K Power Generation []: -1.000000 
(D40KNumManDt) Time Rate of Change of 40K Heat Generation [/sec]: -4.263807e+27 
(40KMassMan) Total Mass of 40K [kg]: 1.623172e+19 
(40KMassCore) Total Core Mass of 40K [kg]: 0.000000 
(40KNumMan) Total Number of 40K Atoms []: 2.445944e+44 
(40KNumCore) Total Core Number of 40K Atoms []: 0.000000 
(40KTimescale) Timescale for 40K Power Generation []: -1.000000 
(40KPowerCrust) Crust Power Generated by 40K [kg*m^2/sec^3]: -0.000000 
(40KMassCrust) Total Crust Mass of 40K [kg]: 0.000000 
(40KNumCrust) Total Crust Number of 40K Atoms []: 0.000000 
(40KPowerTotal) Total Power from Decay of 40K Atoms [kg*m^2/sec^3]: 9.097737e+14 
(232ThPowerMan) Total Power Generated by 232Th [kg*m^2/sec^3]: 1.647669e+14 
(232ThPowerCore) Total Power Generated by 232Th [kg*m^2/sec^3]: -0.000000 
(232ThEnFlux) Surface Energy Flux from 232Th [kg*m^2/sec^2/(m^2*sec)]: 0.172481 
(D232ThNumManDt) Time Rate of Change of the number of 232Th nuclei [/sec]: -2.411126e+25 
(232ThMassMan) Total Mass of 232Th [kg]: 5.922790e+18 
(232ThMassCore) Total Mass of 232Th [kg]: 0.000000 
(232ThNumMan) Total Number of 232Th Atoms []: 1.537159e+43 
(232ThNumCore) Total Number of 232Th Atoms []: 0.000000 
(232ThTimescale) Timescale for 232Th Power Generation []: -1.000000 
(232ThPowerCrust) Total Power Generated by 232Th [kg*m^2/sec^3]: -0.000000 
(232ThMassCrust) Total Mass of 232Th [kg]: 0.000000 
(232ThNumCrust) Total Number of 232Th Atoms []: 0.000000 
(232ThPowerTotal) Total Power from Decay of 232Th Atoms [kg*m^2/sec^3]: 1.647669e+14 
(238UPowerMan) Total Power Generated by 238U [kg*m^2/sec^3]: 2.947710e+14 
(238UPowerCore) Total Core Power Generated by 238U [kg*m^2/sec^3]: -0.000000 
(238UEnFlux) Surface Energy Flux due to 238U [kg*m^2/sec^2/(m^2*sec)]: 0.308571 
(D238UNumManDt) Time Rate of Change of the Number of 238U Nuclei [/sec]: -3.558774e+25 
(238UMassMan) Total Mass of 238U [kg]: 2.864121e+18 
(238UMassCore) Total Core Mass of 238U [kg]: 0.000000 
(238UNumMan) Total Number of 238U Atoms []: 7.245572e+42 
(238UNumCore) Total Core Number of 238U Atoms []: 0.000000 
(238UTimescale) Timescale for 238U Power Generation []: -1.000000 
(238UPowerCrust) Total Crust Power Generated by 238U [kg*m^2/sec^3]: -0.000000 
(238UMassCrust) Total Crust Mass of 238U [kg]: 0.000000 
(238UNumCrust) Total Crust Number of 238U Atoms []: 0.000000 
(238UPowerTotal) Total Power from Decay of 238U Atoms [kg*m^2/sec^3]: 2.947710e+14 
(235UPowerMan) Total Power Generated by 235U [kg*m^2/sec^3]: 5.072783e+14 
(235UPowerCore) Total Core Power Generated by 235U [kg*m^2/sec^3]: -0.000000 
(235UEnFlux) Surface Energy Flux due to 235U [kg*m^2/sec^2/(m^2*sec)]: 0.531027 
(D235UNumManDt) Time Rate of Change of the Number of 235U Nuclei [/sec]: -7.738611e+25 
(235UMassMan) Total Mass of 235U [kg]: 9.676735e+17 
(235UMassCore) Total Core Mass of 235U [kg]: 0.000000 
(235UNumMan) Total Number of 235U Atoms []: 2.479310e+42 
(235UNumCore) Total Core Number of 235U Atoms []: 0.000000 
(235UTimescale) Timescale for 235U Power Generation []: -1.000000 
(235UPowerCrust) Total Crust Power Generated by 235U [kg*m^2/sec^3]: -0.000000 
(235UMassCrust) Total Crust Mass of 235U [kg]: 0.000000 
(235UNumCrust) Total Crust Number of 235U Atoms []: 0.000000 
(235UPowerTotal) Total Power from Decay of 235U Atoms [kg*m^2/sec^3]: 5.072783e+14 
(RadPowerMan) Total Power Generated by Radiogenic Nuclides in the mantle [kg*m^2/sec^3]: 1.876590e+15 
(RadPowerCore) Total Power Generated by Radiogenic Nuclides in Core [kg*m^2/sec^3]: -0.000000 
(RadPowerCrust) Total Power Generated by Radiogenic Nuclides in the crust [kg*m^2/sec^3]: -0.000000 
(RadPowerTotal) Total Power Generated by Radiogenic Nuclides in Total (M+C) [kg*m^2/sec^3]: 1.876600e+15 
(SurfEnFluxRadTotal) Total Surface Heat Flux Generated by Radiogenic Nuclides [kg*m^2/sec^2/(m^2*sec)]: 1.964456 
----- ATMESC PARAMETERS (c)------
(SurfWaterMass) Surface water mass [kg]: 2.780000e+21 
(EnvelopeMass) Envelope mass [kg]: 0.000000 
(OxygenMass) Oxygen mass in the atmosphere [kg]: 1.860303e+21 
(RGLimit) Runaway greenhouse semi-major axis [m]: 1.811746e+10 
(XO) Atomic oxygen mixing ratio in upper atmosphere []: 0.467067 
(EtaO) Oxygen eta parameter (Luger and Barnes 2015) []: 0.000000 
(PlanetRadius) Planet radius [m]: 8.718863e+06 
(OxygenMantleMass) Mass of oxygen in mantle [kg]: 0.000000 
(RadXUV) XUV radius separating hydro. dyn. escape and equilibrium [m]: -1.000000 
(RadSolid) Radius to the solid surface [m]: -1.000000 
(PresXUV) Pressure at base of thermosphere []: 5.000000 
(ScaleHeight) Scale height in Lehmer & Catling (2016) model [m]: -1.000000 
(ThermTemp) Isothermal atmospheric temperature [K]: 280.150134 
(AtmGasConst) Atmospheric gas constant []: 4124.000000 
(PresSurf) Surface pressure due to atmosphere [Pa]: -1.000000 
(DEnvMassDt) Envelope Mass Loss Rate [kg/s]: 0.000000 
(FXUV) XUV flux [W/m^2]: 11.176980 
(AtmXAbsEffH2O) XUV atmospheric escape efficiency for H2O []: 0.300000 
(RocheRadius) Roche Lobe Radius [m]: 3.912543e+08 
(BondiRadius) Bondi Radius [m]: 4.097474e+09 
(HEscapeRegime) Integer flag for H envelope escape regime []: 8.000000 
(RRCriticalFlux) Critical XUV Flux that separates RR and energy-limited escape [W/m^2]: 1.257326e+04 
(KTide) Mass loss enhancement due to stellar gravity []: 0.966579 
(RGDuration) Runaway Greenhouse Duration [years]: 0.00000e+00
----- MAGMOC PARAMETERS (c)------
(WaterMassMOAtm) Water mass in magma ocean and atmosphere [TO]: 7.116019e-05 
(PotTemp) Potential temperature magma ocean [K]: 1462.483449 
(SurfTemp) Surface temperature magma ocean [K]: 4000.000000 
(WaterMassSol) Water mass in solidified mantle [TO]: 0.101223 
(SolidRadius) Solidification radius of the mantle [Rearth]: 1.367000 
(OxygenMassMOAtm) Oxygen mass in magma ocean and atmosphere [kg]: 1.860303e+21 
(OxygenMassSol) Oxygen Mass in solidified mantle [kg]: 4.435143e+20 
(PressWaterAtm) Water pressure in atmosphere [bar]: 0.137360 
(PressOxygenAtm) Oxygen pressure in atmosphere [bar]: 2583.406160 
(HydrogenMassSpace) H mass lost to space [kg]: 2.953222e+20 
(OxygenMassSpace) O atoms lost to space [kg]: 4.000277e+19 
(FracFe2O3Man) Fe2O3 mass fraction in magma ocean []: 0.087575 
(NetFluxAtmo) Atmospheric Net Flux (OLR-ASR) []: -418.561271 
(WaterFracMelt) water mass fraction in magma ocean []: 0.000000 
(RadioPower) Power from radiogenic heating in the mantle [TW]: 1876.600465 
(TidalPower) Power from tidal heating in the mantle [TW]: 0.000000 
(HZInnerEdge) Inner Edge of the Habitable Zone (Runaway Greenhouse) [AU]: 0.121108 
(MeltFraction) Melt fraction of the magma ocean []: 0.000000 
(CO2MassMOAtm) CO2 mass in magma ocean and atmosphere [kg]: 1.755447e-294 
(CO2MassSol) CO2 mass in solidified mantle [kg]: 1.755447e-294 
(PressCO2Atm) CO2 pressure in atmosphere []: 2.437793e-307 
(CO2FracMelt) CO2 mass fraction in magma ocean []: 0.000000 
Output Order: Time[year] PotTemp[K] SurfTemp[K] SolidRadius[Rearth] WaterMassMOAtm[TO] WaterMassSol[TO] OxygenMassMOAtm[kg] OxygenMassSol[kg] PressWaterAtm[bar] PressOxygenAtm[bar] HydrogenMassSpace[kg] OxygenMassSpace[kg] FracFe2O3Man[kg] NetFluxAtmo[kg] WaterFracMelt[kg] RadioPower[TW] TidalPower[TW] SemiMajorAxis[AU] HZInnerEdge[AU]
Grid Output Order:
